<?xml version="1.0" encoding="UTF-8"?>
<testsuite name="KeyGenerationTest" tests="18" skipped="0" failures="0" errors="0" timestamp="2019-09-23T08:53:09" hostname="steven-b.localdomain" time="0.09">
  <properties/>
  <testcase name="invalid nested input throws exception" classname="KeyGenerationTest" time="0.087"/>
  <testcase name="checksums are different with different inputs" classname="KeyGenerationTest" time="0.067"/>
  <testcase name="generated keys are consistent for identical inputs regardless of order and whitespace" classname="KeyGenerationTest" time="0.014"/>
  <testcase name="sorts json by key name" classname="KeyGenerationTest" time="0.074"/>
  <testcase name="generated keys are different for different inputs" classname="KeyGenerationTest" time="0.02"/>
  <testcase name="generated keys are consistent for identical inputs regardless of order" classname="KeyGenerationTest" time="0.018"/>
  <testcase name="generated keys will vary given values that are string and float in each input" classname="KeyGenerationTest" time="0.009"/>
  <testcase name="generated keys will vary given values with different whitespace" classname="KeyGenerationTest" time="0.014"/>
  <testcase name="generated keys will vary given values that are string and int in each input" classname="KeyGenerationTest" time="0.012"/>
  <testcase name="generated keys are consistent for identical inputs" classname="KeyGenerationTest" time="0.024"/>
  <testcase name="valid nested input converts to json" classname="KeyGenerationTest" time="0.089"/>
  <testcase name="sorts json by key name case sensitively" classname="KeyGenerationTest" time="0.07"/>
  <testcase name="generated keys will vary given values that are string and null in each input" classname="KeyGenerationTest" time="0.007"/>
  <testcase name="generated checksums are four bytes" classname="KeyGenerationTest" time="0.064"/>
  <testcase name="generated keys will vary given values that are string and boolean in each input" classname="KeyGenerationTest" time="0.008"/>
  <testcase name="can generate consistent checksums from json" classname="KeyGenerationTest" time="0.067"/>
  <testcase name="valid input converts to json" classname="KeyGenerationTest" time="0.107"/>
  <testcase name="generated keys are consistent for identical inputs regardless of whitespace" classname="KeyGenerationTest" time="0.019"/>
  <system-out><![CDATA[]]></system-out>
  <system-err><![CDATA[Sep 23, 2019 9:53:09 AM KeyGeneration convertToJson
WARNING: Error while parsing message body of '{"testOne":' in to json: com.beust.klaxon.KlaxonException: Expected {, :, [ or null, not 'EOF' at line 1
   (internal error: "No processor found for: (PASSED_PAIR_KEY, EOF)"
]]></system-err>
</testsuite>
